0    [main] INFO  org.springframework.context.support.ClassPathXmlApplicationContext  - Refreshing org.springframework.context.support.ClassPathXmlApplicationContext@bfc8e0: display name [org.springframework.context.support.ClassPathXmlApplicationContext@bfc8e0]; startup date [Mon Apr 11 15:22:02 CLT 2011]; root of context hierarchy
78   [main] INFO  org.springframework.beans.factory.xml.XmlBeanDefinitionReader  - Loading XML bean definitions from class path resource [remarcador-servlet.xml]
250  [main] INFO  org.springframework.context.support.ClassPathXmlApplicationContext  - Bean factory for application context [org.springframework.context.support.ClassPathXmlApplicationContext@bfc8e0]: org.springframework.beans.factory.support.DefaultListableBeanFactory@589e56
321  [main] INFO  cl.wamtech.remarcador.util.PropertiesConfigUtils  - Loading properties file from class path resource [config.properties]
331  [main] INFO  org.springframework.beans.factory.support.DefaultListableBeanFactory  - Pre-instantiating singletons in org.springframework.beans.factory.support.DefaultListableBeanFactory@589e56: defining beans [propertyConfigurer,dataSource,velocityConfig,viewVelocityResolver,multipartResolver,paramResolver,sqlMapClient,sqlMapClientTemplate,remarcadorDao,/main.htm]; root of factory hierarchy
379  [main] INFO  org.springframework.web.servlet.view.velocity.VelocityConfigurer  - ClasspathResourceLoader with name 'springMacro' added to configured VelocityEngine
393  [main] INFO  org.springframework.ui.velocity.SpringResourceLoader  - SpringResourceLoader for Velocity: using resource loader [org.springframework.context.support.ClassPathXmlApplicationContext@bfc8e0: display name [org.springframework.context.support.ClassPathXmlApplicationContext@bfc8e0]; startup date [Mon Apr 11 15:22:02 CLT 2011]; root of context hierarchy] and resource loader paths [/WEB-INF/vm-templates/]
0    [main] INFO  org.springframework.context.support.ClassPathXmlApplicationContext  - Refreshing org.springframework.context.support.ClassPathXmlApplicationContext@1d7ad1c: display name [org.springframework.context.support.ClassPathXmlApplicationContext@1d7ad1c]; startup date [Mon Apr 11 15:27:47 CLT 2011]; root of context hierarchy
78   [main] INFO  org.springframework.beans.factory.xml.XmlBeanDefinitionReader  - Loading XML bean definitions from class path resource [remarcador-servlet.xml]
357  [main] INFO  org.springframework.context.support.ClassPathXmlApplicationContext  - Bean factory for application context [org.springframework.context.support.ClassPathXmlApplicationContext@1d7ad1c]: org.springframework.beans.factory.support.DefaultListableBeanFactory@a613f8
427  [main] INFO  cl.wamtech.remarcador.util.PropertiesConfigUtils  - Loading properties file from class path resource [config.properties]
438  [main] INFO  org.springframework.beans.factory.support.DefaultListableBeanFactory  - Pre-instantiating singletons in org.springframework.beans.factory.support.DefaultListableBeanFactory@a613f8: defining beans [propertyConfigurer,dataSource,velocityConfig,viewVelocityResolver,multipartResolver,paramResolver,sqlMapClient,sqlMapClientTemplate,remarcadorDao,/main.htm]; root of factory hierarchy
494  [main] INFO  org.springframework.web.servlet.view.velocity.VelocityConfigurer  - ClasspathResourceLoader with name 'springMacro' added to configured VelocityEngine
540  [main] INFO  org.springframework.ui.velocity.SpringResourceLoader  - SpringResourceLoader for Velocity: using resource loader [org.springframework.context.support.ClassPathXmlApplicationContext@1d7ad1c: display name [org.springframework.context.support.ClassPathXmlApplicationContext@1d7ad1c]; startup date [Mon Apr 11 15:27:47 CLT 2011]; root of context hierarchy] and resource loader paths [/WEB-INF/vm-templates/]
0    [main] INFO  org.springframework.context.support.ClassPathXmlApplicationContext  - Refreshing org.springframework.context.support.ClassPathXmlApplicationContext@a61164: display name [org.springframework.context.support.ClassPathXmlApplicationContext@a61164]; startup date [Mon Apr 11 15:30:16 CLT 2011]; root of context hierarchy
84   [main] INFO  org.springframework.beans.factory.xml.XmlBeanDefinitionReader  - Loading XML bean definitions from class path resource [remarcador-servlet.xml]
480  [main] INFO  org.springframework.context.support.ClassPathXmlApplicationContext  - Bean factory for application context [org.springframework.context.support.ClassPathXmlApplicationContext@a61164]: org.springframework.beans.factory.support.DefaultListableBeanFactory@16921fd
581  [main] INFO  cl.wamtech.remarcador.util.PropertiesConfigUtils  - Loading properties file from class path resource [config.properties]
591  [main] INFO  org.springframework.beans.factory.support.DefaultListableBeanFactory  - Pre-instantiating singletons in org.springframework.beans.factory.support.DefaultListableBeanFactory@16921fd: defining beans [propertyConfigurer,dataSource,velocityConfig,viewVelocityResolver,multipartResolver,paramResolver,sqlMapClient,sqlMapClientTemplate,remarcadorDao,/main.htm]; root of factory hierarchy
654  [main] INFO  org.springframework.web.servlet.view.velocity.VelocityConfigurer  - ClasspathResourceLoader with name 'springMacro' added to configured VelocityEngine
721  [main] INFO  org.springframework.ui.velocity.SpringResourceLoader  - SpringResourceLoader for Velocity: using resource loader [org.springframework.context.support.ClassPathXmlApplicationContext@a61164: display name [org.springframework.context.support.ClassPathXmlApplicationContext@a61164]; startup date [Mon Apr 11 15:30:16 CLT 2011]; root of context hierarchy] and resource loader paths [/WEB-INF/vm-templates/]
0    [main] INFO  org.springframework.context.support.ClassPathXmlApplicationContext  - Refreshing org.springframework.context.support.ClassPathXmlApplicationContext@a61164: display name [org.springframework.context.support.ClassPathXmlApplicationContext@a61164]; startup date [Mon Apr 11 15:33:10 CLT 2011]; root of context hierarchy
109  [main] INFO  org.springframework.beans.factory.xml.XmlBeanDefinitionReader  - Loading XML bean definitions from class path resource [remarcador-servlet.xml]
389  [main] INFO  org.springframework.context.support.ClassPathXmlApplicationContext  - Bean factory for application context [org.springframework.context.support.ClassPathXmlApplicationContext@a61164]: org.springframework.beans.factory.support.DefaultListableBeanFactory@16921fd
459  [main] INFO  cl.wamtech.remarcador.util.PropertiesConfigUtils  - Loading properties file from class path resource [config.properties]
469  [main] INFO  org.springframework.beans.factory.support.DefaultListableBeanFactory  - Pre-instantiating singletons in org.springframework.beans.factory.support.DefaultListableBeanFactory@16921fd: defining beans [propertyConfigurer,dataSource,velocityConfig,viewVelocityResolver,multipartResolver,paramResolver,sqlMapClient,sqlMapClientTemplate,remarcadorDao,/main.htm]; root of factory hierarchy
525  [main] INFO  org.springframework.web.servlet.view.velocity.VelocityConfigurer  - ClasspathResourceLoader with name 'springMacro' added to configured VelocityEngine
539  [main] INFO  org.springframework.ui.velocity.SpringResourceLoader  - SpringResourceLoader for Velocity: using resource loader [org.springframework.context.support.ClassPathXmlApplicationContext@a61164: display name [org.springframework.context.support.ClassPathXmlApplicationContext@a61164]; startup date [Mon Apr 11 15:33:10 CLT 2011]; root of context hierarchy] and resource loader paths [/WEB-INF/vm-templates/]
0    [main] INFO  org.springframework.context.support.ClassPathXmlApplicationContext  - Refreshing org.springframework.context.support.ClassPathXmlApplicationContext@1d7ad1c: display name [org.springframework.context.support.ClassPathXmlApplicationContext@1d7ad1c]; startup date [Mon Apr 11 15:33:34 CLT 2011]; root of context hierarchy
83   [main] INFO  org.springframework.beans.factory.xml.XmlBeanDefinitionReader  - Loading XML bean definitions from class path resource [remarcador-servlet.xml]
393  [main] INFO  org.springframework.context.support.ClassPathXmlApplicationContext  - Bean factory for application context [org.springframework.context.support.ClassPathXmlApplicationContext@1d7ad1c]: org.springframework.beans.factory.support.DefaultListableBeanFactory@a613f8
538  [main] INFO  cl.wamtech.remarcador.util.PropertiesConfigUtils  - Loading properties file from class path resource [config.properties]
549  [main] INFO  org.springframework.beans.factory.support.DefaultListableBeanFactory  - Pre-instantiating singletons in org.springframework.beans.factory.support.DefaultListableBeanFactory@a613f8: defining beans [propertyConfigurer,dataSource,velocityConfig,viewVelocityResolver,multipartResolver,paramResolver,sqlMapClient,sqlMapClientTemplate,remarcadorDao,/main.htm]; root of factory hierarchy
608  [main] INFO  org.springframework.web.servlet.view.velocity.VelocityConfigurer  - ClasspathResourceLoader with name 'springMacro' added to configured VelocityEngine
639  [main] INFO  org.springframework.ui.velocity.SpringResourceLoader  - SpringResourceLoader for Velocity: using resource loader [org.springframework.context.support.ClassPathXmlApplicationContext@1d7ad1c: display name [org.springframework.context.support.ClassPathXmlApplicationContext@1d7ad1c]; startup date [Mon Apr 11 15:33:34 CLT 2011]; root of context hierarchy] and resource loader paths [/WEB-INF/vm-templates/]
0    [main] INFO  org.springframework.context.support.ClassPathXmlApplicationContext  - Refreshing org.springframework.context.support.ClassPathXmlApplicationContext@1d7ad1c: display name [org.springframework.context.support.ClassPathXmlApplicationContext@1d7ad1c]; startup date [Mon Apr 11 15:33:44 CLT 2011]; root of context hierarchy
142  [main] INFO  org.springframework.beans.factory.xml.XmlBeanDefinitionReader  - Loading XML bean definitions from class path resource [remarcador-servlet.xml]
538  [main] INFO  org.springframework.context.support.ClassPathXmlApplicationContext  - Bean factory for application context [org.springframework.context.support.ClassPathXmlApplicationContext@1d7ad1c]: org.springframework.beans.factory.support.DefaultListableBeanFactory@16921fd
662  [main] INFO  cl.wamtech.remarcador.util.PropertiesConfigUtils  - Loading properties file from class path resource [config.properties]
685  [main] INFO  org.springframework.beans.factory.support.DefaultListableBeanFactory  - Pre-instantiating singletons in org.springframework.beans.factory.support.DefaultListableBeanFactory@16921fd: defining beans [propertyConfigurer,dataSource,velocityConfig,viewVelocityResolver,multipartResolver,paramResolver,sqlMapClient,sqlMapClientTemplate,remarcadorDao,/main.htm]; root of factory hierarchy
735  [main] INFO  org.springframework.web.servlet.view.velocity.VelocityConfigurer  - ClasspathResourceLoader with name 'springMacro' added to configured VelocityEngine
748  [main] INFO  org.springframework.ui.velocity.SpringResourceLoader  - SpringResourceLoader for Velocity: using resource loader [org.springframework.context.support.ClassPathXmlApplicationContext@1d7ad1c: display name [org.springframework.context.support.ClassPathXmlApplicationContext@1d7ad1c]; startup date [Mon Apr 11 15:33:44 CLT 2011]; root of context hierarchy] and resource loader paths [/WEB-INF/vm-templates/]
