0    [main] INFO  org.springframework.context.support.ClassPathXmlApplicationContext  - Refreshing org.springframework.context.support.ClassPathXmlApplicationContext@1d7ad1c: display name [org.springframework.context.support.ClassPathXmlApplicationContext@1d7ad1c]; startup date [Fri Apr 08 12:32:08 CLT 2011]; root of context hierarchy
85   [main] INFO  org.springframework.beans.factory.xml.XmlBeanDefinitionReader  - Loading XML bean definitions from class path resource [remarcador-servlet.xml]
353  [main] INFO  org.springframework.context.support.ClassPathXmlApplicationContext  - Bean factory for application context [org.springframework.context.support.ClassPathXmlApplicationContext@1d7ad1c]: org.springframework.beans.factory.support.DefaultListableBeanFactory@a613f8
433  [main] INFO  cl.wamtech.remarcador.util.PropertiesConfigUtils  - Loading properties file from class path resource [config.properties]
444  [main] INFO  org.springframework.beans.factory.support.DefaultListableBeanFactory  - Pre-instantiating singletons in org.springframework.beans.factory.support.DefaultListableBeanFactory@a613f8: defining beans [propertyConfigurer,dataSource,velocityConfig,viewVelocityResolver,multipartResolver,paramResolver,sqlMapClient,sqlMapClientTemplate,remarcadorDao,/main.htm]; root of factory hierarchy
497  [main] INFO  org.springframework.web.servlet.view.velocity.VelocityConfigurer  - ClasspathResourceLoader with name 'springMacro' added to configured VelocityEngine
525  [main] INFO  org.springframework.ui.velocity.SpringResourceLoader  - SpringResourceLoader for Velocity: using resource loader [org.springframework.context.support.ClassPathXmlApplicationContext@1d7ad1c: display name [org.springframework.context.support.ClassPathXmlApplicationContext@1d7ad1c]; startup date [Fri Apr 08 12:32:08 CLT 2011]; root of context hierarchy] and resource loader paths [/WEB-INF/vm-templates/]
1645 [main] INFO  org.springframework.beans.factory.xml.XmlBeanDefinitionReader  - Loading XML bean definitions from class path resource [org/springframework/jdbc/support/sql-error-codes.xml]
1697 [main] INFO  org.springframework.jdbc.support.SQLErrorCodesFactory  - SQLErrorCodes loaded: [DB2, Derby, H2, HSQL, Informix, MS-SQL, MySQL, Oracle, PostgreSQL, Sybase]
0    [main] INFO  org.springframework.context.support.ClassPathXmlApplicationContext  - Refreshing org.springframework.context.support.ClassPathXmlApplicationContext@a61164: display name [org.springframework.context.support.ClassPathXmlApplicationContext@a61164]; startup date [Fri Apr 08 12:33:07 CLT 2011]; root of context hierarchy
79   [main] INFO  org.springframework.beans.factory.xml.XmlBeanDefinitionReader  - Loading XML bean definitions from class path resource [remarcador-servlet.xml]
288  [main] INFO  org.springframework.context.support.ClassPathXmlApplicationContext  - Bean factory for application context [org.springframework.context.support.ClassPathXmlApplicationContext@a61164]: org.springframework.beans.factory.support.DefaultListableBeanFactory@16921fd
358  [main] INFO  cl.wamtech.remarcador.util.PropertiesConfigUtils  - Loading properties file from class path resource [config.properties]
369  [main] INFO  org.springframework.beans.factory.support.DefaultListableBeanFactory  - Pre-instantiating singletons in org.springframework.beans.factory.support.DefaultListableBeanFactory@16921fd: defining beans [propertyConfigurer,dataSource,velocityConfig,viewVelocityResolver,multipartResolver,paramResolver,sqlMapClient,sqlMapClientTemplate,remarcadorDao,/main.htm]; root of factory hierarchy
426  [main] INFO  org.springframework.web.servlet.view.velocity.VelocityConfigurer  - ClasspathResourceLoader with name 'springMacro' added to configured VelocityEngine
438  [main] INFO  org.springframework.ui.velocity.SpringResourceLoader  - SpringResourceLoader for Velocity: using resource loader [org.springframework.context.support.ClassPathXmlApplicationContext@a61164: display name [org.springframework.context.support.ClassPathXmlApplicationContext@a61164]; startup date [Fri Apr 08 12:33:07 CLT 2011]; root of context hierarchy] and resource loader paths [/WEB-INF/vm-templates/]
1332 [main] INFO  org.springframework.beans.factory.xml.XmlBeanDefinitionReader  - Loading XML bean definitions from class path resource [org/springframework/jdbc/support/sql-error-codes.xml]
1412 [main] INFO  org.springframework.jdbc.support.SQLErrorCodesFactory  - SQLErrorCodes loaded: [DB2, Derby, H2, HSQL, Informix, MS-SQL, MySQL, Oracle, PostgreSQL, Sybase]
0    [main] INFO  org.springframework.context.support.ClassPathXmlApplicationContext  - Refreshing org.springframework.context.support.ClassPathXmlApplicationContext@18fd984: display name [org.springframework.context.support.ClassPathXmlApplicationContext@18fd984]; startup date [Fri Apr 08 12:33:33 CLT 2011]; root of context hierarchy
81   [main] INFO  org.springframework.beans.factory.xml.XmlBeanDefinitionReader  - Loading XML bean definitions from class path resource [remarcador-servlet.xml]
290  [main] INFO  org.springframework.context.support.ClassPathXmlApplicationContext  - Bean factory for application context [org.springframework.context.support.ClassPathXmlApplicationContext@18fd984]: org.springframework.beans.factory.support.DefaultListableBeanFactory@3411a
361  [main] INFO  cl.wamtech.remarcador.util.PropertiesConfigUtils  - Loading properties file from class path resource [config.properties]
372  [main] INFO  org.springframework.beans.factory.support.DefaultListableBeanFactory  - Pre-instantiating singletons in org.springframework.beans.factory.support.DefaultListableBeanFactory@3411a: defining beans [propertyConfigurer,dataSource,velocityConfig,viewVelocityResolver,multipartResolver,paramResolver,sqlMapClient,sqlMapClientTemplate,remarcadorDao,/main.htm]; root of factory hierarchy
422  [main] INFO  org.springframework.web.servlet.view.velocity.VelocityConfigurer  - ClasspathResourceLoader with name 'springMacro' added to configured VelocityEngine
436  [main] INFO  org.springframework.ui.velocity.SpringResourceLoader  - SpringResourceLoader for Velocity: using resource loader [org.springframework.context.support.ClassPathXmlApplicationContext@18fd984: display name [org.springframework.context.support.ClassPathXmlApplicationContext@18fd984]; startup date [Fri Apr 08 12:33:33 CLT 2011]; root of context hierarchy] and resource loader paths [/WEB-INF/vm-templates/]
0    [main] INFO  org.springframework.context.support.ClassPathXmlApplicationContext  - Refreshing org.springframework.context.support.ClassPathXmlApplicationContext@bfc8e0: display name [org.springframework.context.support.ClassPathXmlApplicationContext@bfc8e0]; startup date [Fri Apr 08 12:36:26 CLT 2011]; root of context hierarchy
80   [main] INFO  org.springframework.beans.factory.xml.XmlBeanDefinitionReader  - Loading XML bean definitions from class path resource [remarcador-servlet.xml]
336  [main] INFO  org.springframework.context.support.ClassPathXmlApplicationContext  - Bean factory for application context [org.springframework.context.support.ClassPathXmlApplicationContext@bfc8e0]: org.springframework.beans.factory.support.DefaultListableBeanFactory@136a43c
407  [main] INFO  cl.wamtech.remarcador.util.PropertiesConfigUtils  - Loading properties file from class path resource [config.properties]
417  [main] INFO  org.springframework.beans.factory.support.DefaultListableBeanFactory  - Pre-instantiating singletons in org.springframework.beans.factory.support.DefaultListableBeanFactory@136a43c: defining beans [propertyConfigurer,dataSource,velocityConfig,viewVelocityResolver,multipartResolver,paramResolver,sqlMapClient,sqlMapClientTemplate,remarcadorDao,/main.htm]; root of factory hierarchy
474  [main] INFO  org.springframework.web.servlet.view.velocity.VelocityConfigurer  - ClasspathResourceLoader with name 'springMacro' added to configured VelocityEngine
511  [main] INFO  org.springframework.ui.velocity.SpringResourceLoader  - SpringResourceLoader for Velocity: using resource loader [org.springframework.context.support.ClassPathXmlApplicationContext@bfc8e0: display name [org.springframework.context.support.ClassPathXmlApplicationContext@bfc8e0]; startup date [Fri Apr 08 12:36:26 CLT 2011]; root of context hierarchy] and resource loader paths [/WEB-INF/vm-templates/]
0    [main] INFO  org.springframework.context.support.ClassPathXmlApplicationContext  - Refreshing org.springframework.context.support.ClassPathXmlApplicationContext@1d7ad1c: display name [org.springframework.context.support.ClassPathXmlApplicationContext@1d7ad1c]; startup date [Fri Apr 08 12:43:12 CLT 2011]; root of context hierarchy
82   [main] INFO  org.springframework.beans.factory.xml.XmlBeanDefinitionReader  - Loading XML bean definitions from class path resource [remarcador-servlet.xml]
357  [main] INFO  org.springframework.context.support.ClassPathXmlApplicationContext  - Bean factory for application context [org.springframework.context.support.ClassPathXmlApplicationContext@1d7ad1c]: org.springframework.beans.factory.support.DefaultListableBeanFactory@161dfb5
430  [main] INFO  cl.wamtech.remarcador.util.PropertiesConfigUtils  - Loading properties file from class path resource [config.properties]
441  [main] INFO  org.springframework.beans.factory.support.DefaultListableBeanFactory  - Pre-instantiating singletons in org.springframework.beans.factory.support.DefaultListableBeanFactory@161dfb5: defining beans [propertyConfigurer,dataSource,velocityConfig,viewVelocityResolver,multipartResolver,paramResolver,sqlMapClient,sqlMapClientTemplate,remarcadorDao,/main.htm]; root of factory hierarchy
498  [main] INFO  org.springframework.web.servlet.view.velocity.VelocityConfigurer  - ClasspathResourceLoader with name 'springMacro' added to configured VelocityEngine
511  [main] INFO  org.springframework.ui.velocity.SpringResourceLoader  - SpringResourceLoader for Velocity: using resource loader [org.springframework.context.support.ClassPathXmlApplicationContext@1d7ad1c: display name [org.springframework.context.support.ClassPathXmlApplicationContext@1d7ad1c]; startup date [Fri Apr 08 12:43:12 CLT 2011]; root of context hierarchy] and resource loader paths [/WEB-INF/vm-templates/]
0    [main] INFO  org.springframework.context.support.ClassPathXmlApplicationContext  - Refreshing org.springframework.context.support.ClassPathXmlApplicationContext@1d7ad1c: display name [org.springframework.context.support.ClassPathXmlApplicationContext@1d7ad1c]; startup date [Fri Apr 08 12:51:58 CLT 2011]; root of context hierarchy
114  [main] INFO  org.springframework.beans.factory.xml.XmlBeanDefinitionReader  - Loading XML bean definitions from class path resource [remarcador-servlet.xml]
413  [main] INFO  org.springframework.context.support.ClassPathXmlApplicationContext  - Bean factory for application context [org.springframework.context.support.ClassPathXmlApplicationContext@1d7ad1c]: org.springframework.beans.factory.support.DefaultListableBeanFactory@a613f8
488  [main] INFO  cl.wamtech.remarcador.util.PropertiesConfigUtils  - Loading properties file from class path resource [config.properties]
498  [main] INFO  org.springframework.beans.factory.support.DefaultListableBeanFactory  - Pre-instantiating singletons in org.springframework.beans.factory.support.DefaultListableBeanFactory@a613f8: defining beans [propertyConfigurer,dataSource,velocityConfig,viewVelocityResolver,multipartResolver,paramResolver,sqlMapClient,sqlMapClientTemplate,remarcadorDao,/main.htm]; root of factory hierarchy
560  [main] INFO  org.springframework.web.servlet.view.velocity.VelocityConfigurer  - ClasspathResourceLoader with name 'springMacro' added to configured VelocityEngine
572  [main] INFO  org.springframework.ui.velocity.SpringResourceLoader  - SpringResourceLoader for Velocity: using resource loader [org.springframework.context.support.ClassPathXmlApplicationContext@1d7ad1c: display name [org.springframework.context.support.ClassPathXmlApplicationContext@1d7ad1c]; startup date [Fri Apr 08 12:51:58 CLT 2011]; root of context hierarchy] and resource loader paths [/WEB-INF/vm-templates/]
0    [main] INFO  org.springframework.context.support.ClassPathXmlApplicationContext  - Refreshing org.springframework.context.support.ClassPathXmlApplicationContext@1d7ad1c: display name [org.springframework.context.support.ClassPathXmlApplicationContext@1d7ad1c]; startup date [Fri Apr 08 14:09:52 CLT 2011]; root of context hierarchy
94   [main] INFO  org.springframework.beans.factory.xml.XmlBeanDefinitionReader  - Loading XML bean definitions from class path resource [remarcador-servlet.xml]
310  [main] INFO  org.springframework.context.support.ClassPathXmlApplicationContext  - Bean factory for application context [org.springframework.context.support.ClassPathXmlApplicationContext@1d7ad1c]: org.springframework.beans.factory.support.DefaultListableBeanFactory@a613f8
383  [main] INFO  cl.wamtech.remarcador.util.PropertiesConfigUtils  - Loading properties file from class path resource [config.properties]
394  [main] INFO  org.springframework.beans.factory.support.DefaultListableBeanFactory  - Pre-instantiating singletons in org.springframework.beans.factory.support.DefaultListableBeanFactory@a613f8: defining beans [propertyConfigurer,dataSource,velocityConfig,viewVelocityResolver,multipartResolver,paramResolver,sqlMapClient,sqlMapClientTemplate,remarcadorDao,/main.htm]; root of factory hierarchy
440  [main] INFO  org.springframework.web.servlet.view.velocity.VelocityConfigurer  - ClasspathResourceLoader with name 'springMacro' added to configured VelocityEngine
453  [main] INFO  org.springframework.ui.velocity.SpringResourceLoader  - SpringResourceLoader for Velocity: using resource loader [org.springframework.context.support.ClassPathXmlApplicationContext@1d7ad1c: display name [org.springframework.context.support.ClassPathXmlApplicationContext@1d7ad1c]; startup date [Fri Apr 08 14:09:52 CLT 2011]; root of context hierarchy] and resource loader paths [/WEB-INF/vm-templates/]
0    [main] INFO  org.springframework.context.support.ClassPathXmlApplicationContext  - Refreshing org.springframework.context.support.ClassPathXmlApplicationContext@11d0a4f: display name [org.springframework.context.support.ClassPathXmlApplicationContext@11d0a4f]; startup date [Fri Apr 08 14:54:17 CLT 2011]; root of context hierarchy
81   [main] INFO  org.springframework.beans.factory.xml.XmlBeanDefinitionReader  - Loading XML bean definitions from class path resource [remarcador-servlet.xml]
290  [main] INFO  org.springframework.context.support.ClassPathXmlApplicationContext  - Bean factory for application context [org.springframework.context.support.ClassPathXmlApplicationContext@11d0a4f]: org.springframework.beans.factory.support.DefaultListableBeanFactory@589e56
355  [main] INFO  cl.wamtech.remarcador.util.PropertiesConfigUtils  - Loading properties file from class path resource [config.properties]
365  [main] INFO  org.springframework.beans.factory.support.DefaultListableBeanFactory  - Pre-instantiating singletons in org.springframework.beans.factory.support.DefaultListableBeanFactory@589e56: defining beans [propertyConfigurer,dataSource,velocityConfig,viewVelocityResolver,multipartResolver,paramResolver,sqlMapClient,sqlMapClientTemplate,remarcadorDao,/main.htm]; root of factory hierarchy
412  [main] INFO  org.springframework.web.servlet.view.velocity.VelocityConfigurer  - ClasspathResourceLoader with name 'springMacro' added to configured VelocityEngine
425  [main] INFO  org.springframework.ui.velocity.SpringResourceLoader  - SpringResourceLoader for Velocity: using resource loader [org.springframework.context.support.ClassPathXmlApplicationContext@11d0a4f: display name [org.springframework.context.support.ClassPathXmlApplicationContext@11d0a4f]; startup date [Fri Apr 08 14:54:17 CLT 2011]; root of context hierarchy] and resource loader paths [/WEB-INF/vm-templates/]
1144 [main] INFO  org.springframework.beans.factory.xml.XmlBeanDefinitionReader  - Loading XML bean definitions from class path resource [org/springframework/jdbc/support/sql-error-codes.xml]
1200 [main] INFO  org.springframework.jdbc.support.SQLErrorCodesFactory  - SQLErrorCodes loaded: [DB2, Derby, H2, HSQL, Informix, MS-SQL, MySQL, Oracle, PostgreSQL, Sybase]
0    [main] INFO  org.springframework.context.support.ClassPathXmlApplicationContext  - Refreshing org.springframework.context.support.ClassPathXmlApplicationContext@bfc8e0: display name [org.springframework.context.support.ClassPathXmlApplicationContext@bfc8e0]; startup date [Fri Apr 08 14:55:22 CLT 2011]; root of context hierarchy
80   [main] INFO  org.springframework.beans.factory.xml.XmlBeanDefinitionReader  - Loading XML bean definitions from class path resource [remarcador-servlet.xml]
291  [main] INFO  org.springframework.context.support.ClassPathXmlApplicationContext  - Bean factory for application context [org.springframework.context.support.ClassPathXmlApplicationContext@bfc8e0]: org.springframework.beans.factory.support.DefaultListableBeanFactory@136a43c
356  [main] INFO  cl.wamtech.remarcador.util.PropertiesConfigUtils  - Loading properties file from class path resource [config.properties]
366  [main] INFO  org.springframework.beans.factory.support.DefaultListableBeanFactory  - Pre-instantiating singletons in org.springframework.beans.factory.support.DefaultListableBeanFactory@136a43c: defining beans [propertyConfigurer,dataSource,velocityConfig,viewVelocityResolver,multipartResolver,paramResolver,sqlMapClient,sqlMapClientTemplate,remarcadorDao,/main.htm]; root of factory hierarchy
411  [main] INFO  org.springframework.web.servlet.view.velocity.VelocityConfigurer  - ClasspathResourceLoader with name 'springMacro' added to configured VelocityEngine
425  [main] INFO  org.springframework.ui.velocity.SpringResourceLoader  - SpringResourceLoader for Velocity: using resource loader [org.springframework.context.support.ClassPathXmlApplicationContext@bfc8e0: display name [org.springframework.context.support.ClassPathXmlApplicationContext@bfc8e0]; startup date [Fri Apr 08 14:55:22 CLT 2011]; root of context hierarchy] and resource loader paths [/WEB-INF/vm-templates/]
0    [main] INFO  org.springframework.context.support.ClassPathXmlApplicationContext  - Refreshing org.springframework.context.support.ClassPathXmlApplicationContext@1d7ad1c: display name [org.springframework.context.support.ClassPathXmlApplicationContext@1d7ad1c]; startup date [Fri Apr 08 14:56:06 CLT 2011]; root of context hierarchy
96   [main] INFO  org.springframework.beans.factory.xml.XmlBeanDefinitionReader  - Loading XML bean definitions from class path resource [remarcador-servlet.xml]
373  [main] INFO  org.springframework.context.support.ClassPathXmlApplicationContext  - Bean factory for application context [org.springframework.context.support.ClassPathXmlApplicationContext@1d7ad1c]: org.springframework.beans.factory.support.DefaultListableBeanFactory@a613f8
442  [main] INFO  cl.wamtech.remarcador.util.PropertiesConfigUtils  - Loading properties file from class path resource [config.properties]
452  [main] INFO  org.springframework.beans.factory.support.DefaultListableBeanFactory  - Pre-instantiating singletons in org.springframework.beans.factory.support.DefaultListableBeanFactory@a613f8: defining beans [propertyConfigurer,dataSource,velocityConfig,viewVelocityResolver,multipartResolver,paramResolver,sqlMapClient,sqlMapClientTemplate,remarcadorDao,/main.htm]; root of factory hierarchy
508  [main] INFO  org.springframework.web.servlet.view.velocity.VelocityConfigurer  - ClasspathResourceLoader with name 'springMacro' added to configured VelocityEngine
521  [main] INFO  org.springframework.ui.velocity.SpringResourceLoader  - SpringResourceLoader for Velocity: using resource loader [org.springframework.context.support.ClassPathXmlApplicationContext@1d7ad1c: display name [org.springframework.context.support.ClassPathXmlApplicationContext@1d7ad1c]; startup date [Fri Apr 08 14:56:06 CLT 2011]; root of context hierarchy] and resource loader paths [/WEB-INF/vm-templates/]
