0    [main] INFO  org.springframework.context.support.ClassPathXmlApplicationContext  - Refreshing org.springframework.context.support.ClassPathXmlApplicationContext@1d7ad1c: display name [org.springframework.context.support.ClassPathXmlApplicationContext@1d7ad1c]; startup date [Wed Apr 06 13:40:44 CLT 2011]; root of context hierarchy
89   [main] INFO  org.springframework.beans.factory.xml.XmlBeanDefinitionReader  - Loading XML bean definitions from class path resource [remarcador-servlet.xml]
339  [main] INFO  org.springframework.context.support.ClassPathXmlApplicationContext  - Bean factory for application context [org.springframework.context.support.ClassPathXmlApplicationContext@1d7ad1c]: org.springframework.beans.factory.support.DefaultListableBeanFactory@161dfb5
443  [main] INFO  cl.wamtech.remarcador.util.PropertiesConfigUtils  - Loading properties file from class path resource [config.properties]
465  [main] INFO  org.springframework.beans.factory.support.DefaultListableBeanFactory  - Destroying singletons in org.springframework.beans.factory.support.DefaultListableBeanFactory@161dfb5: defining beans [propertyConfigurer,dataSource,velocityConfig,viewVelocityResolver,multipartResolver,paramResolver,sqlMapClient,sqlMapClientTemplate,remarcadorDao,/main.htm]; root of factory hierarchy
0    [main] INFO  org.springframework.context.support.ClassPathXmlApplicationContext  - Refreshing org.springframework.context.support.ClassPathXmlApplicationContext@1d7ad1c: display name [org.springframework.context.support.ClassPathXmlApplicationContext@1d7ad1c]; startup date [Wed Apr 06 13:41:25 CLT 2011]; root of context hierarchy
80   [main] INFO  org.springframework.beans.factory.xml.XmlBeanDefinitionReader  - Loading XML bean definitions from class path resource [remarcador-servlet.xml]
320  [main] INFO  org.springframework.context.support.ClassPathXmlApplicationContext  - Bean factory for application context [org.springframework.context.support.ClassPathXmlApplicationContext@1d7ad1c]: org.springframework.beans.factory.support.DefaultListableBeanFactory@3411a
389  [main] INFO  cl.wamtech.remarcador.util.PropertiesConfigUtils  - Loading properties file from class path resource [config.properties]
400  [main] INFO  org.springframework.beans.factory.support.DefaultListableBeanFactory  - Pre-instantiating singletons in org.springframework.beans.factory.support.DefaultListableBeanFactory@3411a: defining beans [propertyConfigurer,dataSourceWamManager,dataSourceCencosudPulsos,dataSource,velocityConfig,viewVelocityResolver,multipartResolver,paramResolver,sqlMapClient,sqlMapClientTemplate,remarcadorDao,/main.htm]; root of factory hierarchy
473  [main] INFO  org.springframework.web.servlet.view.velocity.VelocityConfigurer  - ClasspathResourceLoader with name 'springMacro' added to configured VelocityEngine
486  [main] INFO  org.springframework.ui.velocity.SpringResourceLoader  - SpringResourceLoader for Velocity: using resource loader [org.springframework.context.support.ClassPathXmlApplicationContext@1d7ad1c: display name [org.springframework.context.support.ClassPathXmlApplicationContext@1d7ad1c]; startup date [Wed Apr 06 13:41:25 CLT 2011]; root of context hierarchy] and resource loader paths [/WEB-INF/vm-templates/]
0    [main] INFO  org.springframework.context.support.ClassPathXmlApplicationContext  - Refreshing org.springframework.context.support.ClassPathXmlApplicationContext@bfc8e0: display name [org.springframework.context.support.ClassPathXmlApplicationContext@bfc8e0]; startup date [Wed Apr 06 13:43:29 CLT 2011]; root of context hierarchy
91   [main] INFO  org.springframework.beans.factory.xml.XmlBeanDefinitionReader  - Loading XML bean definitions from class path resource [remarcador-servlet.xml]
373  [main] INFO  org.springframework.context.support.ClassPathXmlApplicationContext  - Bean factory for application context [org.springframework.context.support.ClassPathXmlApplicationContext@bfc8e0]: org.springframework.beans.factory.support.DefaultListableBeanFactory@1a7508a
461  [main] INFO  cl.wamtech.remarcador.util.PropertiesConfigUtils  - Loading properties file from class path resource [config.properties]
472  [main] INFO  org.springframework.beans.factory.support.DefaultListableBeanFactory  - Pre-instantiating singletons in org.springframework.beans.factory.support.DefaultListableBeanFactory@1a7508a: defining beans [propertyConfigurer,dataSourceWamManager,dataSourceCencosudPulsos,dataSource,velocityConfig,viewVelocityResolver,multipartResolver,paramResolver,sqlMapClient,sqlMapClientTemplate,remarcadorDao,/main.htm]; root of factory hierarchy
493  [main] INFO  org.springframework.jdbc.datasource.DriverManagerDataSource  - Loaded JDBC driver: org.postgresql.Driver
501  [main] INFO  org.springframework.jdbc.datasource.DriverManagerDataSource  - Loaded JDBC driver: org.postgresql.Driver
575  [main] INFO  org.springframework.web.servlet.view.velocity.VelocityConfigurer  - ClasspathResourceLoader with name 'springMacro' added to configured VelocityEngine
604  [main] INFO  org.springframework.ui.velocity.SpringResourceLoader  - SpringResourceLoader for Velocity: using resource loader [org.springframework.context.support.ClassPathXmlApplicationContext@bfc8e0: display name [org.springframework.context.support.ClassPathXmlApplicationContext@bfc8e0]; startup date [Wed Apr 06 13:43:29 CLT 2011]; root of context hierarchy] and resource loader paths [/WEB-INF/vm-templates/]
0    [main] INFO  org.springframework.context.support.ClassPathXmlApplicationContext  - Refreshing org.springframework.context.support.ClassPathXmlApplicationContext@1d7ad1c: display name [org.springframework.context.support.ClassPathXmlApplicationContext@1d7ad1c]; startup date [Wed Apr 06 13:44:24 CLT 2011]; root of context hierarchy
93   [main] INFO  org.springframework.beans.factory.xml.XmlBeanDefinitionReader  - Loading XML bean definitions from class path resource [remarcador-servlet.xml]
368  [main] INFO  org.springframework.context.support.ClassPathXmlApplicationContext  - Bean factory for application context [org.springframework.context.support.ClassPathXmlApplicationContext@1d7ad1c]: org.springframework.beans.factory.support.DefaultListableBeanFactory@589e56
442  [main] INFO  cl.wamtech.remarcador.util.PropertiesConfigUtils  - Loading properties file from class path resource [config.properties]
454  [main] INFO  org.springframework.beans.factory.support.DefaultListableBeanFactory  - Pre-instantiating singletons in org.springframework.beans.factory.support.DefaultListableBeanFactory@589e56: defining beans [propertyConfigurer,dataSourceWamManager,dataSourceCencosudPulsos,dataSource,velocityConfig,viewVelocityResolver,multipartResolver,paramResolver,sqlMapClient,sqlMapClientTemplate,remarcadorDao,/main.htm]; root of factory hierarchy
474  [main] INFO  org.springframework.jdbc.datasource.DriverManagerDataSource  - Loaded JDBC driver: org.postgresql.Driver
484  [main] INFO  org.springframework.jdbc.datasource.DriverManagerDataSource  - Loaded JDBC driver: org.postgresql.Driver
554  [main] INFO  org.springframework.web.servlet.view.velocity.VelocityConfigurer  - ClasspathResourceLoader with name 'springMacro' added to configured VelocityEngine
576  [main] INFO  org.springframework.ui.velocity.SpringResourceLoader  - SpringResourceLoader for Velocity: using resource loader [org.springframework.context.support.ClassPathXmlApplicationContext@1d7ad1c: display name [org.springframework.context.support.ClassPathXmlApplicationContext@1d7ad1c]; startup date [Wed Apr 06 13:44:24 CLT 2011]; root of context hierarchy] and resource loader paths [/WEB-INF/vm-templates/]
0    [main] INFO  org.springframework.context.support.ClassPathXmlApplicationContext  - Refreshing org.springframework.context.support.ClassPathXmlApplicationContext@a61164: display name [org.springframework.context.support.ClassPathXmlApplicationContext@a61164]; startup date [Wed Apr 06 13:45:06 CLT 2011]; root of context hierarchy
85   [main] INFO  org.springframework.beans.factory.xml.XmlBeanDefinitionReader  - Loading XML bean definitions from class path resource [remarcador-servlet.xml]
339  [main] INFO  org.springframework.context.support.ClassPathXmlApplicationContext  - Bean factory for application context [org.springframework.context.support.ClassPathXmlApplicationContext@a61164]: org.springframework.beans.factory.support.DefaultListableBeanFactory@3411a
419  [main] INFO  cl.wamtech.remarcador.util.PropertiesConfigUtils  - Loading properties file from class path resource [config.properties]
438  [main] INFO  org.springframework.beans.factory.support.DefaultListableBeanFactory  - Pre-instantiating singletons in org.springframework.beans.factory.support.DefaultListableBeanFactory@3411a: defining beans [propertyConfigurer,dataSourceWamManager,dataSourceCencosudPulsos,dataSource,velocityConfig,viewVelocityResolver,multipartResolver,paramResolver,sqlMapClient,sqlMapClientTemplate,remarcadorDao,/main.htm]; root of factory hierarchy
455  [main] INFO  org.springframework.jdbc.datasource.DriverManagerDataSource  - Loaded JDBC driver: org.postgresql.Driver
458  [main] INFO  org.springframework.jdbc.datasource.DriverManagerDataSource  - Loaded JDBC driver: org.postgresql.Driver
529  [main] INFO  org.springframework.web.servlet.view.velocity.VelocityConfigurer  - ClasspathResourceLoader with name 'springMacro' added to configured VelocityEngine
542  [main] INFO  org.springframework.ui.velocity.SpringResourceLoader  - SpringResourceLoader for Velocity: using resource loader [org.springframework.context.support.ClassPathXmlApplicationContext@a61164: display name [org.springframework.context.support.ClassPathXmlApplicationContext@a61164]; startup date [Wed Apr 06 13:45:06 CLT 2011]; root of context hierarchy] and resource loader paths [/WEB-INF/vm-templates/]
0    [main] INFO  org.springframework.context.support.ClassPathXmlApplicationContext  - Refreshing org.springframework.context.support.ClassPathXmlApplicationContext@a61164: display name [org.springframework.context.support.ClassPathXmlApplicationContext@a61164]; startup date [Wed Apr 06 14:33:21 CLT 2011]; root of context hierarchy
91   [main] INFO  org.springframework.beans.factory.xml.XmlBeanDefinitionReader  - Loading XML bean definitions from class path resource [remarcador-servlet.xml]
267  [main] INFO  org.springframework.context.support.ClassPathXmlApplicationContext  - Bean factory for application context [org.springframework.context.support.ClassPathXmlApplicationContext@a61164]: org.springframework.beans.factory.support.DefaultListableBeanFactory@a613f8
380  [main] INFO  cl.wamtech.remarcador.util.PropertiesConfigUtils  - Loading properties file from class path resource [config.properties]
391  [main] INFO  org.springframework.beans.factory.support.DefaultListableBeanFactory  - Pre-instantiating singletons in org.springframework.beans.factory.support.DefaultListableBeanFactory@a613f8: defining beans [propertyConfigurer,dataSource,velocityConfig,viewVelocityResolver,multipartResolver,paramResolver,sqlMapClient,sqlMapClientTemplate,remarcadorDao,/main.htm]; root of factory hierarchy
450  [main] INFO  org.springframework.web.servlet.view.velocity.VelocityConfigurer  - ClasspathResourceLoader with name 'springMacro' added to configured VelocityEngine
492  [main] INFO  org.springframework.ui.velocity.SpringResourceLoader  - SpringResourceLoader for Velocity: using resource loader [org.springframework.context.support.ClassPathXmlApplicationContext@a61164: display name [org.springframework.context.support.ClassPathXmlApplicationContext@a61164]; startup date [Wed Apr 06 14:33:21 CLT 2011]; root of context hierarchy] and resource loader paths [/WEB-INF/vm-templates/]
936  [main] INFO  org.springframework.beans.factory.support.DefaultListableBeanFactory  - Destroying singletons in org.springframework.beans.factory.support.DefaultListableBeanFactory@a613f8: defining beans [propertyConfigurer,dataSource,velocityConfig,viewVelocityResolver,multipartResolver,paramResolver,sqlMapClient,sqlMapClientTemplate,remarcadorDao,/main.htm]; root of factory hierarchy
0    [main] INFO  org.springframework.context.support.ClassPathXmlApplicationContext  - Refreshing org.springframework.context.support.ClassPathXmlApplicationContext@1d7ad1c: display name [org.springframework.context.support.ClassPathXmlApplicationContext@1d7ad1c]; startup date [Wed Apr 06 14:35:31 CLT 2011]; root of context hierarchy
99   [main] INFO  org.springframework.beans.factory.xml.XmlBeanDefinitionReader  - Loading XML bean definitions from class path resource [remarcador-servlet.xml]
320  [main] INFO  org.springframework.context.support.ClassPathXmlApplicationContext  - Bean factory for application context [org.springframework.context.support.ClassPathXmlApplicationContext@1d7ad1c]: org.springframework.beans.factory.support.DefaultListableBeanFactory@a613f8
395  [main] INFO  cl.wamtech.remarcador.util.PropertiesConfigUtils  - Loading properties file from class path resource [config.properties]
413  [main] INFO  org.springframework.beans.factory.support.DefaultListableBeanFactory  - Pre-instantiating singletons in org.springframework.beans.factory.support.DefaultListableBeanFactory@a613f8: defining beans [propertyConfigurer,dataSource,velocityConfig,viewVelocityResolver,multipartResolver,paramResolver,sqlMapClient,sqlMapClientTemplate,remarcadorDao,/main.htm]; root of factory hierarchy
463  [main] INFO  org.springframework.web.servlet.view.velocity.VelocityConfigurer  - ClasspathResourceLoader with name 'springMacro' added to configured VelocityEngine
476  [main] INFO  org.springframework.ui.velocity.SpringResourceLoader  - SpringResourceLoader for Velocity: using resource loader [org.springframework.context.support.ClassPathXmlApplicationContext@1d7ad1c: display name [org.springframework.context.support.ClassPathXmlApplicationContext@1d7ad1c]; startup date [Wed Apr 06 14:35:31 CLT 2011]; root of context hierarchy] and resource loader paths [/WEB-INF/vm-templates/]
0    [main] INFO  org.springframework.context.support.ClassPathXmlApplicationContext  - Refreshing org.springframework.context.support.ClassPathXmlApplicationContext@a61164: display name [org.springframework.context.support.ClassPathXmlApplicationContext@a61164]; startup date [Wed Apr 06 14:37:02 CLT 2011]; root of context hierarchy
86   [main] INFO  org.springframework.beans.factory.xml.XmlBeanDefinitionReader  - Loading XML bean definitions from class path resource [remarcador-servlet.xml]
307  [main] INFO  org.springframework.context.support.ClassPathXmlApplicationContext  - Bean factory for application context [org.springframework.context.support.ClassPathXmlApplicationContext@a61164]: org.springframework.beans.factory.support.DefaultListableBeanFactory@589e56
384  [main] INFO  cl.wamtech.remarcador.util.PropertiesConfigUtils  - Loading properties file from class path resource [config.properties]
395  [main] INFO  org.springframework.beans.factory.support.DefaultListableBeanFactory  - Pre-instantiating singletons in org.springframework.beans.factory.support.DefaultListableBeanFactory@589e56: defining beans [propertyConfigurer,dataSource,velocityConfig,viewVelocityResolver,multipartResolver,paramResolver,sqlMapClient,sqlMapClientTemplate,remarcadorDao,/main.htm]; root of factory hierarchy
441  [main] INFO  org.springframework.web.servlet.view.velocity.VelocityConfigurer  - ClasspathResourceLoader with name 'springMacro' added to configured VelocityEngine
455  [main] INFO  org.springframework.ui.velocity.SpringResourceLoader  - SpringResourceLoader for Velocity: using resource loader [org.springframework.context.support.ClassPathXmlApplicationContext@a61164: display name [org.springframework.context.support.ClassPathXmlApplicationContext@a61164]; startup date [Wed Apr 06 14:37:02 CLT 2011]; root of context hierarchy] and resource loader paths [/WEB-INF/vm-templates/]
1139 [main] INFO  cl.wamtech.remarcador.util.IbatisBaseDao  - Buscando el listado de objetos: BigInt con criterios: {fechaRegistro=1281626477}
1139 [main] INFO  cl.wamtech.remarcador.util.IbatisBaseDao  - criterios filtrados: {fechaRegistro=1281626477}
1313 [main] INFO  org.springframework.beans.factory.xml.XmlBeanDefinitionReader  - Loading XML bean definitions from class path resource [org/springframework/jdbc/support/sql-error-codes.xml]
1344 [main] INFO  org.springframework.jdbc.support.SQLErrorCodesFactory  - SQLErrorCodes loaded: [DB2, Derby, H2, HSQL, Informix, MS-SQL, MySQL, Oracle, PostgreSQL, Sybase]
1393 [main] WARN  cl.wamtech.remarcador.util.IbatisBaseDao  - No se logro encontrar el mapeo, causa: SqlMapClient operation; bad SQL grammar []; nested exception is com.ibatis.common.jdbc.exception.NestedSQLException:   
--- The error occurred while applying a parameter map.  
--- Check the get.criterio.BigInt-InlineParameterMap.  
--- Check the statement (query failed).  
--- Cause: org.postgresql.util.PSQLException: ERROR: relation "t_bigint" does not exist
  Position: 18
1553 [main] INFO  cl.wamtech.remarcador.util.Util  - ----------------------- Init UTIL --------------------
0    [main] INFO  org.springframework.context.support.ClassPathXmlApplicationContext  - Refreshing org.springframework.context.support.ClassPathXmlApplicationContext@a61164: display name [org.springframework.context.support.ClassPathXmlApplicationContext@a61164]; startup date [Wed Apr 06 14:37:49 CLT 2011]; root of context hierarchy
90   [main] INFO  org.springframework.beans.factory.xml.XmlBeanDefinitionReader  - Loading XML bean definitions from class path resource [remarcador-servlet.xml]
345  [main] INFO  org.springframework.context.support.ClassPathXmlApplicationContext  - Bean factory for application context [org.springframework.context.support.ClassPathXmlApplicationContext@a61164]: org.springframework.beans.factory.support.DefaultListableBeanFactory@16921fd
414  [main] INFO  cl.wamtech.remarcador.util.PropertiesConfigUtils  - Loading properties file from class path resource [config.properties]
431  [main] INFO  org.springframework.beans.factory.support.DefaultListableBeanFactory  - Pre-instantiating singletons in org.springframework.beans.factory.support.DefaultListableBeanFactory@16921fd: defining beans [propertyConfigurer,dataSource,velocityConfig,viewVelocityResolver,multipartResolver,paramResolver,sqlMapClient,sqlMapClientTemplate,remarcadorDao,/main.htm]; root of factory hierarchy
482  [main] INFO  org.springframework.web.servlet.view.velocity.VelocityConfigurer  - ClasspathResourceLoader with name 'springMacro' added to configured VelocityEngine
495  [main] INFO  org.springframework.ui.velocity.SpringResourceLoader  - SpringResourceLoader for Velocity: using resource loader [org.springframework.context.support.ClassPathXmlApplicationContext@a61164: display name [org.springframework.context.support.ClassPathXmlApplicationContext@a61164]; startup date [Wed Apr 06 14:37:49 CLT 2011]; root of context hierarchy] and resource loader paths [/WEB-INF/vm-templates/]
1166 [main] INFO  cl.wamtech.remarcador.util.IbatisBaseDao  - Buscando el listado de objetos: Perfil con criterios: {}
1166 [main] INFO  cl.wamtech.remarcador.util.IbatisBaseDao  - criterios filtrados: {}
1389 [main] INFO  org.springframework.beans.factory.xml.XmlBeanDefinitionReader  - Loading XML bean definitions from class path resource [org/springframework/jdbc/support/sql-error-codes.xml]
1440 [main] INFO  org.springframework.jdbc.support.SQLErrorCodesFactory  - SQLErrorCodes loaded: [DB2, Derby, H2, HSQL, Informix, MS-SQL, MySQL, Oracle, PostgreSQL, Sybase]
1480 [main] WARN  cl.wamtech.remarcador.util.IbatisBaseDao  - No se logro encontrar el mapeo, causa: SqlMapClient operation; bad SQL grammar []; nested exception is com.ibatis.common.jdbc.exception.NestedSQLException:   
--- The error occurred while applying a parameter map.  
--- Check the get.criterio.Perfil-InlineParameterMap.  
--- Check the statement (query failed).  
--- Cause: org.postgresql.util.PSQLException: ERROR: relation "perfiles" does not exist
  Position: 18
1537 [main] INFO  cl.wamtech.remarcador.util.Util  - ----------------------- Init UTIL --------------------
0    [main] INFO  org.springframework.context.support.ClassPathXmlApplicationContext  - Refreshing org.springframework.context.support.ClassPathXmlApplicationContext@a61164: display name [org.springframework.context.support.ClassPathXmlApplicationContext@a61164]; startup date [Wed Apr 06 14:40:20 CLT 2011]; root of context hierarchy
95   [main] INFO  org.springframework.beans.factory.xml.XmlBeanDefinitionReader  - Loading XML bean definitions from class path resource [remarcador-servlet.xml]
377  [main] INFO  org.springframework.context.support.ClassPathXmlApplicationContext  - Bean factory for application context [org.springframework.context.support.ClassPathXmlApplicationContext@a61164]: org.springframework.beans.factory.support.DefaultListableBeanFactory@a613f8
447  [main] INFO  cl.wamtech.remarcador.util.PropertiesConfigUtils  - Loading properties file from class path resource [config.properties]
457  [main] INFO  org.springframework.beans.factory.support.DefaultListableBeanFactory  - Pre-instantiating singletons in org.springframework.beans.factory.support.DefaultListableBeanFactory@a613f8: defining beans [propertyConfigurer,dataSource,velocityConfig,viewVelocityResolver,multipartResolver,paramResolver,sqlMapClient,sqlMapClientTemplate,remarcadorDao,/main.htm]; root of factory hierarchy
516  [main] INFO  org.springframework.web.servlet.view.velocity.VelocityConfigurer  - ClasspathResourceLoader with name 'springMacro' added to configured VelocityEngine
529  [main] INFO  org.springframework.ui.velocity.SpringResourceLoader  - SpringResourceLoader for Velocity: using resource loader [org.springframework.context.support.ClassPathXmlApplicationContext@a61164: display name [org.springframework.context.support.ClassPathXmlApplicationContext@a61164]; startup date [Wed Apr 06 14:40:20 CLT 2011]; root of context hierarchy] and resource loader paths [/WEB-INF/vm-templates/]
1219 [main] INFO  cl.wamtech.remarcador.util.IbatisBaseDao  - Buscando el listado de objetos: Perfil con criterios: {}
1219 [main] INFO  cl.wamtech.remarcador.util.IbatisBaseDao  - criterios filtrados: {}
1399 [main] INFO  org.springframework.beans.factory.xml.XmlBeanDefinitionReader  - Loading XML bean definitions from class path resource [org/springframework/jdbc/support/sql-error-codes.xml]
1456 [main] INFO  org.springframework.jdbc.support.SQLErrorCodesFactory  - SQLErrorCodes loaded: [DB2, Derby, H2, HSQL, Informix, MS-SQL, MySQL, Oracle, PostgreSQL, Sybase]
1532 [main] WARN  cl.wamtech.remarcador.util.IbatisBaseDao  - No se logro encontrar el mapeo, causa: SqlMapClient operation; bad SQL grammar []; nested exception is com.ibatis.common.jdbc.exception.NestedSQLException:   
--- The error occurred while applying a parameter map.  
--- Check the get.criterio.Perfil-InlineParameterMap.  
--- Check the statement (query failed).  
--- Cause: org.postgresql.util.PSQLException: ERROR: relation "perfiles" does not exist
  Position: 18
1575 [main] INFO  cl.wamtech.remarcador.util.Util  - ----------------------- Init UTIL --------------------
1    [main] INFO  org.springframework.context.support.ClassPathXmlApplicationContext  - Refreshing org.springframework.context.support.ClassPathXmlApplicationContext@1d7ad1c: display name [org.springframework.context.support.ClassPathXmlApplicationContext@1d7ad1c]; startup date [Wed Apr 06 14:41:21 CLT 2011]; root of context hierarchy
80   [main] INFO  org.springframework.beans.factory.xml.XmlBeanDefinitionReader  - Loading XML bean definitions from class path resource [remarcador-servlet.xml]
341  [main] INFO  org.springframework.context.support.ClassPathXmlApplicationContext  - Bean factory for application context [org.springframework.context.support.ClassPathXmlApplicationContext@1d7ad1c]: org.springframework.beans.factory.support.DefaultListableBeanFactory@a613f8
411  [main] INFO  cl.wamtech.remarcador.util.PropertiesConfigUtils  - Loading properties file from class path resource [config.properties]
421  [main] INFO  org.springframework.beans.factory.support.DefaultListableBeanFactory  - Pre-instantiating singletons in org.springframework.beans.factory.support.DefaultListableBeanFactory@a613f8: defining beans [propertyConfigurer,dataSource,velocityConfig,viewVelocityResolver,multipartResolver,paramResolver,sqlMapClient,sqlMapClientTemplate,remarcadorDao,/main.htm]; root of factory hierarchy
479  [main] INFO  org.springframework.web.servlet.view.velocity.VelocityConfigurer  - ClasspathResourceLoader with name 'springMacro' added to configured VelocityEngine
509  [main] INFO  org.springframework.ui.velocity.SpringResourceLoader  - SpringResourceLoader for Velocity: using resource loader [org.springframework.context.support.ClassPathXmlApplicationContext@1d7ad1c: display name [org.springframework.context.support.ClassPathXmlApplicationContext@1d7ad1c]; startup date [Wed Apr 06 14:41:21 CLT 2011]; root of context hierarchy] and resource loader paths [/WEB-INF/vm-templates/]
1207 [main] INFO  cl.wamtech.remarcador.util.IbatisBaseDao  - Buscando el listado de objetos: Perfil con criterios: {}
1209 [main] INFO  cl.wamtech.remarcador.util.IbatisBaseDao  - criterios filtrados: {}
1236 [main] WARN  cl.wamtech.remarcador.util.IbatisBaseDao  - No se logro encontrar el mapeo, causa: There is no statement named get.criterio.Perfil in this SqlMap.
1281 [main] INFO  cl.wamtech.remarcador.util.Util  - ----------------------- Init UTIL --------------------
0    [main] INFO  org.springframework.context.support.ClassPathXmlApplicationContext  - Refreshing org.springframework.context.support.ClassPathXmlApplicationContext@1d7ad1c: display name [org.springframework.context.support.ClassPathXmlApplicationContext@1d7ad1c]; startup date [Wed Apr 06 14:42:22 CLT 2011]; root of context hierarchy
91   [main] INFO  org.springframework.beans.factory.xml.XmlBeanDefinitionReader  - Loading XML bean definitions from class path resource [remarcador-servlet.xml]
389  [main] INFO  org.springframework.context.support.ClassPathXmlApplicationContext  - Bean factory for application context [org.springframework.context.support.ClassPathXmlApplicationContext@1d7ad1c]: org.springframework.beans.factory.support.DefaultListableBeanFactory@a613f8
466  [main] INFO  cl.wamtech.remarcador.util.PropertiesConfigUtils  - Loading properties file from class path resource [config.properties]
484  [main] INFO  org.springframework.beans.factory.support.DefaultListableBeanFactory  - Pre-instantiating singletons in org.springframework.beans.factory.support.DefaultListableBeanFactory@a613f8: defining beans [propertyConfigurer,dataSource,velocityConfig,viewVelocityResolver,multipartResolver,paramResolver,sqlMapClient,sqlMapClientTemplate,remarcadorDao,/main.htm]; root of factory hierarchy
538  [main] INFO  org.springframework.web.servlet.view.velocity.VelocityConfigurer  - ClasspathResourceLoader with name 'springMacro' added to configured VelocityEngine
586  [main] INFO  org.springframework.ui.velocity.SpringResourceLoader  - SpringResourceLoader for Velocity: using resource loader [org.springframework.context.support.ClassPathXmlApplicationContext@1d7ad1c: display name [org.springframework.context.support.ClassPathXmlApplicationContext@1d7ad1c]; startup date [Wed Apr 06 14:42:22 CLT 2011]; root of context hierarchy] and resource loader paths [/WEB-INF/vm-templates/]
1280 [main] INFO  cl.wamtech.remarcador.util.IbatisBaseDao  - Buscando el listado de objetos: Perfil con criterios: {}
1298 [main] INFO  cl.wamtech.remarcador.util.IbatisBaseDao  - criterios filtrados: {}
1522 [main] INFO  org.springframework.beans.factory.xml.XmlBeanDefinitionReader  - Loading XML bean definitions from class path resource [org/springframework/jdbc/support/sql-error-codes.xml]
1577 [main] INFO  org.springframework.jdbc.support.SQLErrorCodesFactory  - SQLErrorCodes loaded: [DB2, Derby, H2, HSQL, Informix, MS-SQL, MySQL, Oracle, PostgreSQL, Sybase]
1631 [main] WARN  cl.wamtech.remarcador.util.IbatisBaseDao  - No se logro encontrar el mapeo, causa: SqlMapClient operation; bad SQL grammar []; nested exception is com.ibatis.common.jdbc.exception.NestedSQLException:   
--- The error occurred while applying a parameter map.  
--- Check the get.criterio.Perfil-InlineParameterMap.  
--- Check the statement (query failed).  
--- Cause: org.postgresql.util.PSQLException: ERROR: relation "perfiles" does not exist
  Position: 18
1684 [main] INFO  cl.wamtech.remarcador.util.Util  - ----------------------- Init UTIL --------------------
0    [main] INFO  org.springframework.context.support.ClassPathXmlApplicationContext  - Refreshing org.springframework.context.support.ClassPathXmlApplicationContext@1d7ad1c: display name [org.springframework.context.support.ClassPathXmlApplicationContext@1d7ad1c]; startup date [Wed Apr 06 14:45:51 CLT 2011]; root of context hierarchy
81   [main] INFO  org.springframework.beans.factory.xml.XmlBeanDefinitionReader  - Loading XML bean definitions from class path resource [remarcador-servlet.xml]
357  [main] INFO  org.springframework.context.support.ClassPathXmlApplicationContext  - Bean factory for application context [org.springframework.context.support.ClassPathXmlApplicationContext@1d7ad1c]: org.springframework.beans.factory.support.DefaultListableBeanFactory@16921fd
427  [main] INFO  cl.wamtech.remarcador.util.PropertiesConfigUtils  - Loading properties file from class path resource [config.properties]
444  [main] INFO  org.springframework.beans.factory.support.DefaultListableBeanFactory  - Pre-instantiating singletons in org.springframework.beans.factory.support.DefaultListableBeanFactory@16921fd: defining beans [propertyConfigurer,dataSource,velocityConfig,viewVelocityResolver,multipartResolver,paramResolver,sqlMapClient,sqlMapClientTemplate,remarcadorDao,/main.htm]; root of factory hierarchy
496  [main] INFO  org.springframework.web.servlet.view.velocity.VelocityConfigurer  - ClasspathResourceLoader with name 'springMacro' added to configured VelocityEngine
520  [main] INFO  org.springframework.ui.velocity.SpringResourceLoader  - SpringResourceLoader for Velocity: using resource loader [org.springframework.context.support.ClassPathXmlApplicationContext@1d7ad1c: display name [org.springframework.context.support.ClassPathXmlApplicationContext@1d7ad1c]; startup date [Wed Apr 06 14:45:51 CLT 2011]; root of context hierarchy] and resource loader paths [/WEB-INF/vm-templates/]
1151 [main] INFO  cl.wamtech.remarcador.util.IbatisBaseDao  - Buscando el listado de objetos: Perfil con criterios: {}
1151 [main] INFO  cl.wamtech.remarcador.util.IbatisBaseDao  - criterios filtrados: {}
1452 [main] INFO  cl.wamtech.remarcador.util.Util  - ----------------------- Init UTIL --------------------
0    [main] INFO  org.springframework.context.support.ClassPathXmlApplicationContext  - Refreshing org.springframework.context.support.ClassPathXmlApplicationContext@1d7ad1c: display name [org.springframework.context.support.ClassPathXmlApplicationContext@1d7ad1c]; startup date [Wed Apr 06 15:05:50 CLT 2011]; root of context hierarchy
76   [main] INFO  org.springframework.beans.factory.xml.XmlBeanDefinitionReader  - Loading XML bean definitions from class path resource [remarcador-servlet.xml]
281  [main] INFO  org.springframework.context.support.ClassPathXmlApplicationContext  - Bean factory for application context [org.springframework.context.support.ClassPathXmlApplicationContext@1d7ad1c]: org.springframework.beans.factory.support.DefaultListableBeanFactory@a613f8
347  [main] INFO  cl.wamtech.remarcador.util.PropertiesConfigUtils  - Loading properties file from class path resource [config.properties]
357  [main] INFO  org.springframework.beans.factory.support.DefaultListableBeanFactory  - Pre-instantiating singletons in org.springframework.beans.factory.support.DefaultListableBeanFactory@a613f8: defining beans [propertyConfigurer,dataSource,velocityConfig,viewVelocityResolver,multipartResolver,paramResolver,sqlMapClient,sqlMapClientTemplate,remarcadorDao,/main.htm]; root of factory hierarchy
403  [main] INFO  org.springframework.web.servlet.view.velocity.VelocityConfigurer  - ClasspathResourceLoader with name 'springMacro' added to configured VelocityEngine
419  [main] INFO  org.springframework.ui.velocity.SpringResourceLoader  - SpringResourceLoader for Velocity: using resource loader [org.springframework.context.support.ClassPathXmlApplicationContext@1d7ad1c: display name [org.springframework.context.support.ClassPathXmlApplicationContext@1d7ad1c]; startup date [Wed Apr 06 15:05:50 CLT 2011]; root of context hierarchy] and resource loader paths [/WEB-INF/vm-templates/]
988  [main] INFO  cl.wamtech.remarcador.util.IbatisBaseDao  - Buscando el listado de objetos: Remarcador con criterios: null
989  [main] INFO  cl.wamtech.remarcador.util.IbatisBaseDao  - criterios filtrados: null
1    [main] INFO  org.springframework.context.support.ClassPathXmlApplicationContext  - Refreshing org.springframework.context.support.ClassPathXmlApplicationContext@a61164: display name [org.springframework.context.support.ClassPathXmlApplicationContext@a61164]; startup date [Wed Apr 06 15:06:16 CLT 2011]; root of context hierarchy
85   [main] INFO  org.springframework.beans.factory.xml.XmlBeanDefinitionReader  - Loading XML bean definitions from class path resource [remarcador-servlet.xml]
293  [main] INFO  org.springframework.context.support.ClassPathXmlApplicationContext  - Bean factory for application context [org.springframework.context.support.ClassPathXmlApplicationContext@a61164]: org.springframework.beans.factory.support.DefaultListableBeanFactory@16921fd
362  [main] INFO  cl.wamtech.remarcador.util.PropertiesConfigUtils  - Loading properties file from class path resource [config.properties]
372  [main] INFO  org.springframework.beans.factory.support.DefaultListableBeanFactory  - Pre-instantiating singletons in org.springframework.beans.factory.support.DefaultListableBeanFactory@16921fd: defining beans [propertyConfigurer,dataSource,velocityConfig,viewVelocityResolver,multipartResolver,paramResolver,sqlMapClient,sqlMapClientTemplate,remarcadorDao,/main.htm]; root of factory hierarchy
427  [main] INFO  org.springframework.web.servlet.view.velocity.VelocityConfigurer  - ClasspathResourceLoader with name 'springMacro' added to configured VelocityEngine
449  [main] INFO  org.springframework.ui.velocity.SpringResourceLoader  - SpringResourceLoader for Velocity: using resource loader [org.springframework.context.support.ClassPathXmlApplicationContext@a61164: display name [org.springframework.context.support.ClassPathXmlApplicationContext@a61164]; startup date [Wed Apr 06 15:06:16 CLT 2011]; root of context hierarchy] and resource loader paths [/WEB-INF/vm-templates/]
1049 [main] INFO  cl.wamtech.remarcador.util.IbatisBaseDao  - Buscando el listado de objetos: Remarcador con criterios: null
1058 [main] INFO  cl.wamtech.remarcador.util.IbatisBaseDao  - criterios filtrados: null
1466 [main] INFO  cl.wamtech.remarcador.util.Util  - ----------------------- Init UTIL --------------------
