0    [main] INFO  org.springframework.context.support.ClassPathXmlApplicationContext  - Refreshing org.springframework.context.support.ClassPathXmlApplicationContext@a61164: display name [org.springframework.context.support.ClassPathXmlApplicationContext@a61164]; startup date [Tue Apr 12 10:17:48 CLT 2011]; root of context hierarchy
121  [main] INFO  org.springframework.beans.factory.xml.XmlBeanDefinitionReader  - Loading XML bean definitions from class path resource [remarcador-servlet.xml]
618  [main] INFO  org.springframework.context.support.ClassPathXmlApplicationContext  - Bean factory for application context [org.springframework.context.support.ClassPathXmlApplicationContext@a61164]: org.springframework.beans.factory.support.DefaultListableBeanFactory@16921fd
726  [main] INFO  cl.wamtech.remarcador.util.PropertiesConfigUtils  - Loading properties file from class path resource [config.properties]
749  [main] INFO  org.springframework.beans.factory.support.DefaultListableBeanFactory  - Pre-instantiating singletons in org.springframework.beans.factory.support.DefaultListableBeanFactory@16921fd: defining beans [propertyConfigurer,dataSource,velocityConfig,viewVelocityResolver,multipartResolver,paramResolver,sqlMapClient,sqlMapClientTemplate,remarcadorDao,/main.htm]; root of factory hierarchy
813  [main] INFO  org.springframework.web.servlet.view.velocity.VelocityConfigurer  - ClasspathResourceLoader with name 'springMacro' added to configured VelocityEngine
826  [main] INFO  org.springframework.ui.velocity.SpringResourceLoader  - SpringResourceLoader for Velocity: using resource loader [org.springframework.context.support.ClassPathXmlApplicationContext@a61164: display name [org.springframework.context.support.ClassPathXmlApplicationContext@a61164]; startup date [Tue Apr 12 10:17:48 CLT 2011]; root of context hierarchy] and resource loader paths [/WEB-INF/vm-templates/]
2260 [main] INFO  org.springframework.beans.factory.xml.XmlBeanDefinitionReader  - Loading XML bean definitions from class path resource [org/springframework/jdbc/support/sql-error-codes.xml]
2328 [main] INFO  org.springframework.jdbc.support.SQLErrorCodesFactory  - SQLErrorCodes loaded: [DB2, Derby, H2, HSQL, Informix, MS-SQL, MySQL, Oracle, PostgreSQL, Sybase]
1    [main] INFO  org.springframework.context.support.ClassPathXmlApplicationContext  - Refreshing org.springframework.context.support.ClassPathXmlApplicationContext@1d7ad1c: display name [org.springframework.context.support.ClassPathXmlApplicationContext@1d7ad1c]; startup date [Tue Apr 12 10:25:03 CLT 2011]; root of context hierarchy
79   [main] INFO  org.springframework.beans.factory.xml.XmlBeanDefinitionReader  - Loading XML bean definitions from class path resource [remarcador-servlet.xml]
295  [main] INFO  org.springframework.context.support.ClassPathXmlApplicationContext  - Bean factory for application context [org.springframework.context.support.ClassPathXmlApplicationContext@1d7ad1c]: org.springframework.beans.factory.support.DefaultListableBeanFactory@a613f8
367  [main] INFO  cl.wamtech.remarcador.util.PropertiesConfigUtils  - Loading properties file from class path resource [config.properties]
378  [main] INFO  org.springframework.beans.factory.support.DefaultListableBeanFactory  - Pre-instantiating singletons in org.springframework.beans.factory.support.DefaultListableBeanFactory@a613f8: defining beans [propertyConfigurer,dataSource,velocityConfig,viewVelocityResolver,multipartResolver,paramResolver,sqlMapClient,sqlMapClientTemplate,remarcadorDao,/main.htm]; root of factory hierarchy
434  [main] INFO  org.springframework.web.servlet.view.velocity.VelocityConfigurer  - ClasspathResourceLoader with name 'springMacro' added to configured VelocityEngine
448  [main] INFO  org.springframework.ui.velocity.SpringResourceLoader  - SpringResourceLoader for Velocity: using resource loader [org.springframework.context.support.ClassPathXmlApplicationContext@1d7ad1c: display name [org.springframework.context.support.ClassPathXmlApplicationContext@1d7ad1c]; startup date [Tue Apr 12 10:25:03 CLT 2011]; root of context hierarchy] and resource loader paths [/WEB-INF/vm-templates/]
1477 [main] INFO  org.springframework.beans.factory.xml.XmlBeanDefinitionReader  - Loading XML bean definitions from class path resource [org/springframework/jdbc/support/sql-error-codes.xml]
1567 [main] INFO  org.springframework.jdbc.support.SQLErrorCodesFactory  - SQLErrorCodes loaded: [DB2, Derby, H2, HSQL, Informix, MS-SQL, MySQL, Oracle, PostgreSQL, Sybase]
0    [main] INFO  org.springframework.context.support.ClassPathXmlApplicationContext  - Refreshing org.springframework.context.support.ClassPathXmlApplicationContext@a61164: display name [org.springframework.context.support.ClassPathXmlApplicationContext@a61164]; startup date [Tue Apr 12 10:25:20 CLT 2011]; root of context hierarchy
89   [main] INFO  org.springframework.beans.factory.xml.XmlBeanDefinitionReader  - Loading XML bean definitions from class path resource [remarcador-servlet.xml]
324  [main] INFO  org.springframework.context.support.ClassPathXmlApplicationContext  - Bean factory for application context [org.springframework.context.support.ClassPathXmlApplicationContext@a61164]: org.springframework.beans.factory.support.DefaultListableBeanFactory@16921fd
395  [main] INFO  cl.wamtech.remarcador.util.PropertiesConfigUtils  - Loading properties file from class path resource [config.properties]
405  [main] INFO  org.springframework.beans.factory.support.DefaultListableBeanFactory  - Pre-instantiating singletons in org.springframework.beans.factory.support.DefaultListableBeanFactory@16921fd: defining beans [propertyConfigurer,dataSource,velocityConfig,viewVelocityResolver,multipartResolver,paramResolver,sqlMapClient,sqlMapClientTemplate,remarcadorDao,/main.htm]; root of factory hierarchy
462  [main] INFO  org.springframework.web.servlet.view.velocity.VelocityConfigurer  - ClasspathResourceLoader with name 'springMacro' added to configured VelocityEngine
476  [main] INFO  org.springframework.ui.velocity.SpringResourceLoader  - SpringResourceLoader for Velocity: using resource loader [org.springframework.context.support.ClassPathXmlApplicationContext@a61164: display name [org.springframework.context.support.ClassPathXmlApplicationContext@a61164]; startup date [Tue Apr 12 10:25:20 CLT 2011]; root of context hierarchy] and resource loader paths [/WEB-INF/vm-templates/]
1479 [main] INFO  org.springframework.beans.factory.xml.XmlBeanDefinitionReader  - Loading XML bean definitions from class path resource [org/springframework/jdbc/support/sql-error-codes.xml]
1589 [main] INFO  org.springframework.jdbc.support.SQLErrorCodesFactory  - SQLErrorCodes loaded: [DB2, Derby, H2, HSQL, Informix, MS-SQL, MySQL, Oracle, PostgreSQL, Sybase]
0    [main] INFO  org.springframework.context.support.ClassPathXmlApplicationContext  - Refreshing org.springframework.context.support.ClassPathXmlApplicationContext@1d7ad1c: display name [org.springframework.context.support.ClassPathXmlApplicationContext@1d7ad1c]; startup date [Tue Apr 12 10:26:00 CLT 2011]; root of context hierarchy
78   [main] INFO  org.springframework.beans.factory.xml.XmlBeanDefinitionReader  - Loading XML bean definitions from class path resource [remarcador-servlet.xml]
279  [main] INFO  org.springframework.context.support.ClassPathXmlApplicationContext  - Bean factory for application context [org.springframework.context.support.ClassPathXmlApplicationContext@1d7ad1c]: org.springframework.beans.factory.support.DefaultListableBeanFactory@a613f8
358  [main] INFO  cl.wamtech.remarcador.util.PropertiesConfigUtils  - Loading properties file from class path resource [config.properties]
368  [main] INFO  org.springframework.beans.factory.support.DefaultListableBeanFactory  - Pre-instantiating singletons in org.springframework.beans.factory.support.DefaultListableBeanFactory@a613f8: defining beans [propertyConfigurer,dataSource,velocityConfig,viewVelocityResolver,multipartResolver,paramResolver,sqlMapClient,sqlMapClientTemplate,remarcadorDao,/main.htm]; root of factory hierarchy
422  [main] INFO  org.springframework.web.servlet.view.velocity.VelocityConfigurer  - ClasspathResourceLoader with name 'springMacro' added to configured VelocityEngine
438  [main] INFO  org.springframework.ui.velocity.SpringResourceLoader  - SpringResourceLoader for Velocity: using resource loader [org.springframework.context.support.ClassPathXmlApplicationContext@1d7ad1c: display name [org.springframework.context.support.ClassPathXmlApplicationContext@1d7ad1c]; startup date [Tue Apr 12 10:26:00 CLT 2011]; root of context hierarchy] and resource loader paths [/WEB-INF/vm-templates/]
1500 [main] INFO  org.springframework.beans.factory.xml.XmlBeanDefinitionReader  - Loading XML bean definitions from class path resource [org/springframework/jdbc/support/sql-error-codes.xml]
1570 [main] INFO  org.springframework.jdbc.support.SQLErrorCodesFactory  - SQLErrorCodes loaded: [DB2, Derby, H2, HSQL, Informix, MS-SQL, MySQL, Oracle, PostgreSQL, Sybase]
0    [main] INFO  org.springframework.context.support.ClassPathXmlApplicationContext  - Refreshing org.springframework.context.support.ClassPathXmlApplicationContext@1d7ad1c: display name [org.springframework.context.support.ClassPathXmlApplicationContext@1d7ad1c]; startup date [Tue Apr 12 10:27:55 CLT 2011]; root of context hierarchy
78   [main] INFO  org.springframework.beans.factory.xml.XmlBeanDefinitionReader  - Loading XML bean definitions from class path resource [remarcador-servlet.xml]
292  [main] INFO  org.springframework.context.support.ClassPathXmlApplicationContext  - Bean factory for application context [org.springframework.context.support.ClassPathXmlApplicationContext@1d7ad1c]: org.springframework.beans.factory.support.DefaultListableBeanFactory@a613f8
360  [main] INFO  cl.wamtech.remarcador.util.PropertiesConfigUtils  - Loading properties file from class path resource [config.properties]
371  [main] INFO  org.springframework.beans.factory.support.DefaultListableBeanFactory  - Pre-instantiating singletons in org.springframework.beans.factory.support.DefaultListableBeanFactory@a613f8: defining beans [propertyConfigurer,dataSource,velocityConfig,viewVelocityResolver,multipartResolver,paramResolver,sqlMapClient,sqlMapClientTemplate,remarcadorDao,/main.htm]; root of factory hierarchy
419  [main] INFO  org.springframework.web.servlet.view.velocity.VelocityConfigurer  - ClasspathResourceLoader with name 'springMacro' added to configured VelocityEngine
432  [main] INFO  org.springframework.ui.velocity.SpringResourceLoader  - SpringResourceLoader for Velocity: using resource loader [org.springframework.context.support.ClassPathXmlApplicationContext@1d7ad1c: display name [org.springframework.context.support.ClassPathXmlApplicationContext@1d7ad1c]; startup date [Tue Apr 12 10:27:55 CLT 2011]; root of context hierarchy] and resource loader paths [/WEB-INF/vm-templates/]
0    [main] INFO  org.springframework.context.support.ClassPathXmlApplicationContext  - Refreshing org.springframework.context.support.ClassPathXmlApplicationContext@1d7ad1c: display name [org.springframework.context.support.ClassPathXmlApplicationContext@1d7ad1c]; startup date [Tue Apr 12 10:28:01 CLT 2011]; root of context hierarchy
83   [main] INFO  org.springframework.beans.factory.xml.XmlBeanDefinitionReader  - Loading XML bean definitions from class path resource [remarcador-servlet.xml]
337  [main] INFO  org.springframework.context.support.ClassPathXmlApplicationContext  - Bean factory for application context [org.springframework.context.support.ClassPathXmlApplicationContext@1d7ad1c]: org.springframework.beans.factory.support.DefaultListableBeanFactory@136a43c
405  [main] INFO  cl.wamtech.remarcador.util.PropertiesConfigUtils  - Loading properties file from class path resource [config.properties]
417  [main] INFO  org.springframework.beans.factory.support.DefaultListableBeanFactory  - Pre-instantiating singletons in org.springframework.beans.factory.support.DefaultListableBeanFactory@136a43c: defining beans [propertyConfigurer,dataSource,velocityConfig,viewVelocityResolver,multipartResolver,paramResolver,sqlMapClient,sqlMapClientTemplate,remarcadorDao,/main.htm]; root of factory hierarchy
476  [main] INFO  org.springframework.web.servlet.view.velocity.VelocityConfigurer  - ClasspathResourceLoader with name 'springMacro' added to configured VelocityEngine
504  [main] INFO  org.springframework.ui.velocity.SpringResourceLoader  - SpringResourceLoader for Velocity: using resource loader [org.springframework.context.support.ClassPathXmlApplicationContext@1d7ad1c: display name [org.springframework.context.support.ClassPathXmlApplicationContext@1d7ad1c]; startup date [Tue Apr 12 10:28:01 CLT 2011]; root of context hierarchy] and resource loader paths [/WEB-INF/vm-templates/]
